<?xml version="1.0" encoding="UTF-8" ?>
<testsuite tests="1" failures="1" name="Test" time="0.012" errors="0" skipped="0">
  <properties>
    <property name="idea.version" value="2022.2.1"/>
    <property name="java.runtime.name" value="OpenJDK Runtime Environment"/>
    <property name="java.vm.version" value="16.0.2+7"/>
    <property name="sun.boot.library.path" value="C:\Users\i.grachev\.jdks\corretto-16.0.2\bin"/>
    <property name="maven.multiModuleProjectDirectory" value="C:\Users\i.grachev\IdeaProjects\CreditCalc"/>
    <property name="java.vm.vendor" value="Amazon.com Inc."/>
    <property name="java.vendor.url" value="https://aws.amazon.com/corretto/"/>
    <property name="guice.disable.misplaced.annotation.check" value="true"/>
    <property name="path.separator" value=";"/>
    <property name="java.vm.name" value="OpenJDK 64-Bit Server VM"/>
    <property name="sun.os.patch.level" value=""/>
    <property name="user.script" value=""/>
    <property name="user.country" value="RU"/>
    <property name="sun.java.launcher" value="SUN_STANDARD"/>
    <property name="java.vm.specification.name" value="Java Virtual Machine Specification"/>
    <property name="user.dir" value="C:\Users\i.grachev\IdeaProjects\CreditCalc"/>
    <property name="java.vm.compressedOopsMode" value="32-bit"/>
    <property name="java.runtime.version" value="16.0.2+7"/>
    <property name="os.arch" value="amd64"/>
    <property name="java.io.tmpdir" value="C:\Users\I319A~1.GRA\AppData\Local\Temp\"/>
    <property name="line.separator" value="
"/>
    <property name="java.vm.specification.vendor" value="Oracle Corporation"/>
    <property name="user.variant" value=""/>
    <property name="os.name" value="Windows 10"/>
    <property name="maven.ext.class.path" value="C:\Users\i.grachev\AppData\Local\JetBrains\Toolbox\apps\IDEA-C\ch-0\222.3739.54\plugins\maven\lib\maven-event-listener.jar"/>
    <property name="classworlds.conf" value="C:\Users\i.grachev\AppData\Local\JetBrains\Toolbox\apps\IDEA-C\ch-0\222.3739.54\plugins\maven\lib\maven3\bin\m2.conf"/>
    <property name="sun.jnu.encoding" value="Cp1251"/>
    <property name="java.library.path" value="C:\Users\i.grachev\.jdks\corretto-16.0.2\bin;C:\windows\Sun\Java\bin;C:\windows\system32;C:\windows;C:\Program Files (x86)\Common Files\Oracle\Java\javapath;C:\windows\system32;C:\windows;C:\windows\System32\Wbem;C:\windows\System32\WindowsPowerShell\v1.0\;C:\windows\System32\OpenSSH\;C:\Program Files\7-Zip;C:\Program Files\Git\cmd;C:\Users\i.grachev\AppData\Local\Microsoft\WindowsApps;C:\Users\i.grachev\AppData\Local\JetBrains\Toolbox\scripts;."/>
    <property name="maven.conf" value="C:\Users\i.grachev\AppData\Local\JetBrains\Toolbox\apps\IDEA-C\ch-0\222.3739.54\plugins\maven\lib\maven3/conf"/>
    <property name="jdk.debug" value="release"/>
    <property name="java.class.version" value="60.0"/>
    <property name="java.specification.name" value="Java Platform API Specification"/>
    <property name="sun.management.compiler" value="HotSpot 64-Bit Tiered Compilers"/>
    <property name="os.version" value="10.0"/>
    <property name="user.home" value="C:\Users\i.grachev"/>
    <property name="user.timezone" value="Asia/Tomsk"/>
    <property name="file.encoding" value="UTF-8"/>
    <property name="java.specification.version" value="16"/>
    <property name="user.name" value="i.grachev"/>
    <property name="java.class.path" value="C:\Users\i.grachev\AppData\Local\JetBrains\Toolbox\apps\IDEA-C\ch-0\222.3739.54\plugins\maven\lib\maven3\boot\plexus-classworlds-2.6.0.jar;C:\Users\i.grachev\AppData\Local\JetBrains\Toolbox\apps\IDEA-C\ch-0\222.3739.54\plugins\maven\lib\maven3\boot\plexus-classworlds.license"/>
    <property name="java.vm.specification.version" value="16"/>
    <property name="sun.arch.data.model" value="64"/>
    <property name="sun.java.command" value="org.codehaus.classworlds.Launcher -Didea.version=2022.2.1 test"/>
    <property name="java.home" value="C:\Users\i.grachev\.jdks\corretto-16.0.2"/>
    <property name="user.language" value="ru"/>
    <property name="java.specification.vendor" value="Oracle Corporation"/>
    <property name="java.vm.info" value="mixed mode, sharing"/>
    <property name="java.version" value="16.0.2"/>
    <property name="java.vendor" value="Amazon.com Inc."/>
    <property name="maven.home" value="C:\Users\i.grachev\AppData\Local\JetBrains\Toolbox\apps\IDEA-C\ch-0\222.3739.54\plugins\maven\lib\maven3"/>
    <property name="file.separator" value="\"/>
    <property name="java.version.date" value="2021-07-20"/>
    <property name="java.vendor.url.bug" value="https://github.com/corretto/corretto-jdk/issues/"/>
    <property name="sun.io.unicode.encoding" value="UnicodeLittle"/>
    <property name="sun.cpu.endian" value="little"/>
    <property name="java.vendor.version" value="Corretto-16.0.2.7.1"/>
    <property name="sun.cpu.isalist" value="amd64"/>
  </properties>
  <testcase classname="Test" name="Test.testMonthlyPayment" time="0.012">
    <failure message="Неверный расчет ежемесячного платежа ==&gt; expected: &lt;true&gt; but was: &lt;false&gt;" type="org.opentest4j.AssertionFailedError">org.opentest4j.AssertionFailedError: Неверный расчет ежемесячного платежа ==&gt; expected: &lt;true&gt; but was: &lt;false&gt;
	at org.junit.jupiter.api.AssertionUtils.fail(AssertionUtils.java:38)
	at org.junit.jupiter.api.AssertTrue.assertTrue(AssertTrue.java:40)
	at org.junit.jupiter.api.Assertions.assertTrue(Assertions.java:167)
	at Test.testMonthlyPayment(Test.java:33)
</failure>
  </testcase>
</testsuite>